<?xml version="1.0" encoding="UTF-8"?>
<testsuite name="fr.uvsq.doosa.gradletuto.MainTest" tests="1" skipped="0" failures="0" errors="0" timestamp="2015-09-28T08:45:22" hostname="lubuntu" time="0.066">
  <properties/>
  <testcase name="shouldReturnHello" classname="fr.uvsq.doosa.gradletuto.MainTest" time="0.066"/>
  <system-out><![CDATA[]]></system-out>
  <system-err><![CDATA[]]></system-err>
</testsuite>
