<?xml version="1.0" encoding="UTF-8"?>
<testsuite name="fr.uvsq.doosa.gradletuto.MainTest" tests="1" skipped="0" failures="0" errors="0" timestamp="2015-10-05T08:17:54" hostname="lubuntu" time="0.074">
  <properties/>
  <testcase name="shouldReturnHello" classname="fr.uvsq.doosa.gradletuto.MainTest" time="0.074"/>
  <system-out><![CDATA[]]></system-out>
  <system-err><![CDATA[]]></system-err>
</testsuite>
